[
  {
    "line": 1,
    "elements": [
      {
        "line": 12,
        "name": "Log into Dock \u0026 Yard successfully",
        "description": "",
        "id": "log-into-home.fedex.com;log-into-dock-\u0026-yard-successfully;;2",
        "type": "scenario",
        "keyword": "Scenario Outline",
        "steps": [
          {
            "result": {
              "duration": 80462143996,
              "status": "passed"
            },
            "line": 6,
            "name": "User on login page",
            "match": {
              "location": "stepdefinition.userIsOnHomePage()"
            },
            "keyword": "Given "
          },
          {
            "result": {
              "duration": 10047127465,
              "error_message": "org.openqa.selenium.NoSuchElementException: no such element: Unable to locate element: {\"method\":\"id\",\"selector\":\"username\"}\n  (Session info: chrome\u003d75.0.3770.100)\n  (Driver info: chromedriver\u003d2.41.578706 (5f725d1b4f0a4acbf5259df887244095596231db),platform\u003dMac OS X 10.13.6 x86_64) (WARNING: The server did not provide any stacktrace information)\nCommand duration or timeout: 0 milliseconds\nFor documentation on this error, please visit: http://seleniumhq.org/exceptions/no_such_element.html\nBuild info: version: \u00273.14.0\u0027, revision: \u0027aacccce0\u0027, time: \u00272018-08-02T20:19:58.91Z\u0027\nSystem info: host: \u0027Viveks-MacBook-Pro.local\u0027, ip: \u0027fe80:0:0:0:1c01:ebc1:9e39:76ab%en0\u0027, os.name: \u0027Mac OS X\u0027, os.arch: \u0027x86_64\u0027, os.version: \u002710.13.6\u0027, java.version: \u00271.8.0_181\u0027\nDriver info: org.openqa.selenium.chrome.ChromeDriver\nCapabilities {acceptInsecureCerts: false, acceptSslCerts: false, applicationCacheEnabled: false, browserConnectionEnabled: false, browserName: chrome, chrome: {chromedriverVersion: 2.41.578706 (5f725d1b4f0a4a..., userDataDir: /var/folders/zb/sk25mmq90j1...}, cssSelectorsEnabled: true, databaseEnabled: false, goog:chromeOptions: {debuggerAddress: localhost:56106}, handlesAlerts: true, hasTouchScreen: false, javascriptEnabled: true, locationContextEnabled: true, mobileEmulationEnabled: false, nativeEvents: true, networkConnectionEnabled: false, pageLoadStrategy: normal, platform: MAC, platformName: MAC, rotatable: false, setWindowRect: true, takesHeapSnapshot: true, takesScreenshot: true, unexpectedAlertBehaviour: , unhandledPromptBehavior: , version: 75.0.3770.100, webStorageEnabled: true}\nSession ID: 512860478f261bf8610e085322ee190d\n*** Element info: {Using\u003did, value\u003dusername}\n\tat sun.reflect.NativeConstructorAccessorImpl.newInstance0(Native Method)\n\tat sun.reflect.NativeConstructorAccessorImpl.newInstance(NativeConstructorAccessorImpl.java:62)\n\tat sun.reflect.DelegatingConstructorAccessorImpl.newInstance(DelegatingConstructorAccessorImpl.java:45)\n\tat java.lang.reflect.Constructor.newInstance(Constructor.java:423)\n\tat org.openqa.selenium.remote.ErrorHandler.createThrowable(ErrorHandler.java:214)\n\tat org.openqa.selenium.remote.ErrorHandler.throwIfResponseFailed(ErrorHandler.java:166)\n\tat org.openqa.selenium.remote.http.JsonHttpResponseCodec.reconstructValue(JsonHttpResponseCodec.java:40)\n\tat org.openqa.selenium.remote.http.AbstractHttpResponseCodec.decode(AbstractHttpResponseCodec.java:80)\n\tat org.openqa.selenium.remote.http.AbstractHttpResponseCodec.decode(AbstractHttpResponseCodec.java:44)\n\tat org.openqa.selenium.remote.HttpCommandExecutor.execute(HttpCommandExecutor.java:158)\n\tat org.openqa.selenium.remote.service.DriverCommandExecutor.execute(DriverCommandExecutor.java:83)\n\tat org.openqa.selenium.remote.RemoteWebDriver.execute(RemoteWebDriver.java:548)\n\tat org.openqa.selenium.remote.RemoteWebDriver.findElement(RemoteWebDriver.java:322)\n\tat org.openqa.selenium.remote.RemoteWebDriver.findElementById(RemoteWebDriver.java:368)\n\tat org.openqa.selenium.By$ById.findElement(By.java:188)\n\tat org.openqa.selenium.remote.RemoteWebDriver.findElement(RemoteWebDriver.java:314)\n\tat coreClasses.BasePageObject.sendkeys(BasePageObject.java:80)\n\tat pageObjects.FedexHome.doLogin(FedexHome.java:31)\n\tat webStepDef.stepdefinition.doLogin(stepdefinition.java:35)\n\tat ✽.When User enters \"3795600\" and \"3795600\" and clicks on login button(LoginTest.feature:7)\n",
              "status": "failed"
            },
            "line": 7,
            "name": "User enters \"3795600\" and \"3795600\" and clicks on login button",
            "match": {
              "arguments": [
                {
                  "val": "3795600",
                  "offset": 13
                },
                {
                  "val": "3795600",
                  "offset": 27
                }
              ],
              "location": "stepdefinition.doLogin(String,String)"
            },
            "matchedColumns": [
              0,
              1
            ],
            "keyword": "When "
          },
          {
            "result": {
              "status": "skipped"
            },
            "line": 8,
            "name": "User closes browser",
            "match": {
              "location": "stepdefinition.closeBrowser()"
            },
            "keyword": "Then "
          }
        ],
        "tags": [
          {
            "line": 4,
            "name": "@LoginTest"
          }
        ]
      },
      {
        "line": 13,
        "name": "Log into Dock \u0026 Yard successfully",
        "description": "",
        "id": "log-into-home.fedex.com;log-into-dock-\u0026-yard-successfully;;3",
        "type": "scenario",
        "keyword": "Scenario Outline",
        "steps": [
          {
            "result": {
              "duration": 78339431500,
              "status": "passed"
            },
            "line": 6,
            "name": "User on login page",
            "match": {
              "location": "stepdefinition.userIsOnHomePage()"
            },
            "keyword": "Given "
          },
          {
            "result": {
              "duration": 10059757575,
              "error_message": "org.openqa.selenium.NoSuchElementException: no such element: Unable to locate element: {\"method\":\"id\",\"selector\":\"username\"}\n  (Session info: chrome\u003d75.0.3770.100)\n  (Driver info: chromedriver\u003d2.41.578706 (5f725d1b4f0a4acbf5259df887244095596231db),platform\u003dMac OS X 10.13.6 x86_64) (WARNING: The server did not provide any stacktrace information)\nCommand duration or timeout: 0 milliseconds\nFor documentation on this error, please visit: http://seleniumhq.org/exceptions/no_such_element.html\nBuild info: version: \u00273.14.0\u0027, revision: \u0027aacccce0\u0027, time: \u00272018-08-02T20:19:58.91Z\u0027\nSystem info: host: \u0027Viveks-MacBook-Pro.local\u0027, ip: \u0027fe80:0:0:0:1c01:ebc1:9e39:76ab%en0\u0027, os.name: \u0027Mac OS X\u0027, os.arch: \u0027x86_64\u0027, os.version: \u002710.13.6\u0027, java.version: \u00271.8.0_181\u0027\nDriver info: org.openqa.selenium.chrome.ChromeDriver\nCapabilities {acceptInsecureCerts: false, acceptSslCerts: false, applicationCacheEnabled: false, browserConnectionEnabled: false, browserName: chrome, chrome: {chromedriverVersion: 2.41.578706 (5f725d1b4f0a4a..., userDataDir: /var/folders/zb/sk25mmq90j1...}, cssSelectorsEnabled: true, databaseEnabled: false, goog:chromeOptions: {debuggerAddress: localhost:56126}, handlesAlerts: true, hasTouchScreen: false, javascriptEnabled: true, locationContextEnabled: true, mobileEmulationEnabled: false, nativeEvents: true, networkConnectionEnabled: false, pageLoadStrategy: normal, platform: MAC, platformName: MAC, rotatable: false, setWindowRect: true, takesHeapSnapshot: true, takesScreenshot: true, unexpectedAlertBehaviour: , unhandledPromptBehavior: , version: 75.0.3770.100, webStorageEnabled: true}\nSession ID: 62bab78437464d14e1b92e5f958c1e4c\n*** Element info: {Using\u003did, value\u003dusername}\n\tat sun.reflect.NativeConstructorAccessorImpl.newInstance0(Native Method)\n\tat sun.reflect.NativeConstructorAccessorImpl.newInstance(NativeConstructorAccessorImpl.java:62)\n\tat sun.reflect.DelegatingConstructorAccessorImpl.newInstance(DelegatingConstructorAccessorImpl.java:45)\n\tat java.lang.reflect.Constructor.newInstance(Constructor.java:423)\n\tat org.openqa.selenium.remote.ErrorHandler.createThrowable(ErrorHandler.java:214)\n\tat org.openqa.selenium.remote.ErrorHandler.throwIfResponseFailed(ErrorHandler.java:166)\n\tat org.openqa.selenium.remote.http.JsonHttpResponseCodec.reconstructValue(JsonHttpResponseCodec.java:40)\n\tat org.openqa.selenium.remote.http.AbstractHttpResponseCodec.decode(AbstractHttpResponseCodec.java:80)\n\tat org.openqa.selenium.remote.http.AbstractHttpResponseCodec.decode(AbstractHttpResponseCodec.java:44)\n\tat org.openqa.selenium.remote.HttpCommandExecutor.execute(HttpCommandExecutor.java:158)\n\tat org.openqa.selenium.remote.service.DriverCommandExecutor.execute(DriverCommandExecutor.java:83)\n\tat org.openqa.selenium.remote.RemoteWebDriver.execute(RemoteWebDriver.java:548)\n\tat org.openqa.selenium.remote.RemoteWebDriver.findElement(RemoteWebDriver.java:322)\n\tat org.openqa.selenium.remote.RemoteWebDriver.findElementById(RemoteWebDriver.java:368)\n\tat org.openqa.selenium.By$ById.findElement(By.java:188)\n\tat org.openqa.selenium.remote.RemoteWebDriver.findElement(RemoteWebDriver.java:314)\n\tat coreClasses.BasePageObject.sendkeys(BasePageObject.java:80)\n\tat pageObjects.FedexHome.doLogin(FedexHome.java:31)\n\tat webStepDef.stepdefinition.doLogin(stepdefinition.java:35)\n\tat ✽.When User enters \"3795600\" and \"3791600\" and clicks on login button(LoginTest.feature:7)\n",
              "status": "failed"
            },
            "line": 7,
            "name": "User enters \"3795600\" and \"3791600\" and clicks on login button",
            "match": {
              "arguments": [
                {
                  "val": "3795600",
                  "offset": 13
                },
                {
                  "val": "3791600",
                  "offset": 27
                }
              ],
              "location": "stepdefinition.doLogin(String,String)"
            },
            "matchedColumns": [
              0,
              1
            ],
            "keyword": "When "
          },
          {
            "result": {
              "status": "skipped"
            },
            "line": 8,
            "name": "User closes browser",
            "match": {
              "location": "stepdefinition.closeBrowser()"
            },
            "keyword": "Then "
          }
        ],
        "tags": [
          {
            "line": 4,
            "name": "@LoginTest"
          }
        ]
      }
    ],
    "name": "Log into home.fedex.com",
    "description": "",
    "id": "log-into-home.fedex.com",
    "keyword": "Feature",
    "uri": "LoginTest.feature"
  }
]